--------------------------------------------------------------------------------
Release 14.7 Trace  (nt64)
Copyright (c) 1995-2013 Xilinx, Inc.  All rights reserved.

C:\Xilinx\14.7\ISE_DS\ISE\bin\nt64\unwrapped\trce.exe -intstyle ise -v 3 -s 4
-n 3 -fastpaths -xml FourBitAdder.twx FourBitAdder.ncd -o FourBitAdder.twr
FourBitAdder.pcf

Design file:              FourBitAdder.ncd
Physical constraint file: FourBitAdder.pcf
Device,package,speed:     xc3s1500,fg676,-4 (PRODUCTION 1.39 2013-10-13)
Report level:             verbose report

Environment Variable      Effect 
--------------------      ------ 
NONE                      No environment variables were set
--------------------------------------------------------------------------------

INFO:Timing:2698 - No timing constraints found, doing default enumeration.
INFO:Timing:3412 - To improve timing, see the Timing Closure User Guide (UG612).
INFO:Timing:2752 - To get complete path coverage, use the unconstrained paths 
   option. All paths that are not constrained will be reported in the 
   unconstrained paths section(s) of the report.
INFO:Timing:3339 - The clock-to-out numbers in this timing report are based on 
   a 50 Ohm transmission line loading model.  For the details of this model, 
   and for more information on accounting for different loading conditions, 
   please see the device datasheet.
INFO:Timing:3390 - This architecture does not support a default System Jitter 
   value, please add SYSTEM_JITTER constraint to the UCF to modify the Clock 
   Uncertainty calculation.
INFO:Timing:3389 - This architecture does not support 'Discrete Jitter' and 
   'Phase Error' calculations, these terms will be zero in the Clock 
   Uncertainty calculation.  Please make appropriate modification to 
   SYSTEM_JITTER to account for the unsupported Discrete Jitter and Phase 
   Error.



Data Sheet report:
-----------------
All values displayed in nanoseconds (ns)

Pad to Pad
---------------+---------------+---------+
Source Pad     |Destination Pad|  Delay  |
---------------+---------------+---------+
A<0>           |Ocarry         |   10.666|
A<0>           |Sum<0>         |    7.684|
A<0>           |Sum<1>         |    8.578|
A<0>           |Sum<2>         |    9.991|
A<0>           |Sum<3>         |   10.295|
A<1>           |Ocarry         |   10.024|
A<1>           |Sum<1>         |    7.930|
A<1>           |Sum<2>         |    9.349|
A<1>           |Sum<3>         |    9.653|
A<2>           |Ocarry         |    8.880|
A<2>           |Sum<2>         |    7.892|
A<2>           |Sum<3>         |    8.509|
A<3>           |Ocarry         |    8.228|
A<3>           |Sum<3>         |    7.839|
B<0>           |Ocarry         |   10.904|
B<0>           |Sum<0>         |    8.235|
B<0>           |Sum<1>         |    8.816|
B<0>           |Sum<2>         |   10.229|
B<0>           |Sum<3>         |   10.533|
B<1>           |Ocarry         |   10.417|
B<1>           |Sum<1>         |    8.414|
B<1>           |Sum<2>         |    9.742|
B<1>           |Sum<3>         |   10.046|
B<2>           |Ocarry         |    9.427|
B<2>           |Sum<2>         |    8.463|
B<2>           |Sum<3>         |    9.056|
B<3>           |Ocarry         |    8.436|
B<3>           |Sum<3>         |    7.704|
Icarry         |Ocarry         |   10.497|
Icarry         |Sum<0>         |    7.955|
Icarry         |Sum<1>         |    8.409|
Icarry         |Sum<2>         |    9.822|
Icarry         |Sum<3>         |   10.126|
---------------+---------------+---------+


Analysis completed Tue May 21 11:25:25 2024 
--------------------------------------------------------------------------------

Trace Settings:
-------------------------
Trace Settings 

Peak Memory Usage: 4519 MB



