Command line:
   tb_isim_beh.exe
     -simmode  gui
     -simrunnum  0
     -socket  61457

Thu May 16 08:20:21 2024


 Elaboration Time: 0.015625 sec

 Current Memory Usage: 5151.86 Meg

 Total Signals          : 15
 Total Nets             : 50
 Total Signal Drivers   : 9
 Total Blocks           : 4
 Total Primitive Blocks : 3
 Total Processes        : 5
 Total Traceable Variables  : 14
 Total Scalar Nets and Variables : 534
Total Line Count : 33

 Total Simulation Time: 0.015625 sec

 Current Memory Usage: 5466.43 Meg

Thu May 16 08:20:59 2024

