Release 14.7 - xst P.20131013 (nt64)
Copyright (c) 1995-2013 Xilinx, Inc.  All rights reserved.
--> Parameter TMPDIR set to xst/projnav.tmp


Total REAL time to Xst completion: 0.00 secs
Total CPU time to Xst completion: 0.17 secs
 
--> Parameter xsthdpdir set to xst


Total REAL time to Xst completion: 0.00 secs
Total CPU time to Xst completion: 0.19 secs
 
--> Reading design: stoperica.prj

TABLE OF CONTENTS
  1) Synthesis Options Summary
  2) HDL Compilation
  3) Design Hierarchy Analysis
  4) HDL Analysis
  5) HDL Synthesis
     5.1) HDL Synthesis Report
  6) Advanced HDL Synthesis
     6.1) Advanced HDL Synthesis Report
  7) Low Level Synthesis
  8) Partition Report
  9) Final Report
	9.1) Device utilization summary
	9.2) Partition Resource Summary
	9.3) TIMING REPORT


=========================================================================
*                      Synthesis Options Summary                        *
=========================================================================
---- Source Parameters
Input File Name                    : "stoperica.prj"
Input Format                       : mixed
Ignore Synthesis Constraint File   : NO

---- Target Parameters
Output File Name                   : "stoperica"
Output Format                      : NGC
Target Device                      : xc3s1500-4-fg676

---- Source Options
Top Module Name                    : stoperica
Automatic FSM Extraction           : YES
FSM Encoding Algorithm             : Auto
Safe Implementation                : No
FSM Style                          : LUT
RAM Extraction                     : Yes
RAM Style                          : Auto
ROM Extraction                     : Yes
Mux Style                          : Auto
Decoder Extraction                 : YES
Priority Encoder Extraction        : Yes
Shift Register Extraction          : YES
Logical Shifter Extraction         : YES
XOR Collapsing                     : YES
ROM Style                          : Auto
Mux Extraction                     : Yes
Resource Sharing                   : YES
Asynchronous To Synchronous        : NO
Multiplier Style                   : Auto
Automatic Register Balancing       : No

---- Target Options
Add IO Buffers                     : YES
Global Maximum Fanout              : 500
Add Generic Clock Buffer(BUFG)     : 8
Register Duplication               : YES
Slice Packing                      : YES
Optimize Instantiated Primitives   : NO
Use Clock Enable                   : Yes
Use Synchronous Set                : Yes
Use Synchronous Reset              : Yes
Pack IO Registers into IOBs        : Auto
Equivalent register Removal        : YES

---- General Options
Optimization Goal                  : Speed
Optimization Effort                : 1
Keep Hierarchy                     : No
Netlist Hierarchy                  : As_Optimized
RTL Output                         : Yes
Global Optimization                : AllClockNets
Read Cores                         : YES
Write Timing Constraints           : NO
Cross Clock Analysis               : NO
Hierarchy Separator                : /
Bus Delimiter                      : <>
Case Specifier                     : Maintain
Slice Utilization Ratio            : 100
BRAM Utilization Ratio             : 100
Verilog 2001                       : YES
Auto BRAM Packing                  : NO
Slice Utilization Ratio Delta      : 5

=========================================================================


=========================================================================
*                          HDL Compilation                              *
=========================================================================
Compiling vhdl file "C:/Users/Samir/Desktop/VHDL/Peta lab vezba/stoperica8bit/clock_divider.vhd" in Library work.
Entity <Clock_Divider> compiled.
Entity <Clock_Divider> (Architecture <Behavioral>) compiled.
Compiling vhdl file "C:/Users/Samir/Desktop/VHDL/Peta lab vezba/stoperica8bit/stoperica.vhd" in Library work.
Architecture behavioral of Entity stoperica is up to date.

=========================================================================
*                     Design Hierarchy Analysis                         *
=========================================================================
Analyzing hierarchy for entity <stoperica> in library <work> (architecture <behavioral>).

Analyzing hierarchy for entity <clock_divider> in library <work> (architecture <Behavioral>).


=========================================================================
*                            HDL Analysis                               *
=========================================================================
Analyzing Entity <stoperica> in library <work> (Architecture <behavioral>).
Entity <stoperica> analyzed. Unit <stoperica> generated.

Analyzing Entity <clock_divider> in library <work> (Architecture <Behavioral>).
Entity <clock_divider> analyzed. Unit <clock_divider> generated.


=========================================================================
*                           HDL Synthesis                               *
=========================================================================

Performing bidirectional port resolution...

Synthesizing Unit <clock_divider>.
    Related source file is "C:/Users/Samir/Desktop/VHDL/Peta lab vezba/stoperica8bit/clock_divider.vhd".
    Found 32-bit up counter for signal <counter>.
    Found 1-bit register for signal <slow_clk>.
    Summary:
	inferred   1 Counter(s).
	inferred   1 D-type flip-flop(s).
Unit <clock_divider> synthesized.


Synthesizing Unit <stoperica>.
    Related source file is "C:/Users/Samir/Desktop/VHDL/Peta lab vezba/stoperica8bit/stoperica.vhd".
WARNING:Xst:1780 - Signal <loaded> is never used or assigned. This unconnected signal will be trimmed during the optimization process.
    Found 5-bit register for signal <t_cnt>.
    Found 5-bit addsub for signal <t_cnt$addsub0000>.
    Found 5-bit comparator greatequal for signal <t_cnt$cmp_ge0000> created at line 73.
    Summary:
	inferred   5 D-type flip-flop(s).
	inferred   1 Adder/Subtractor(s).
	inferred   1 Comparator(s).
Unit <stoperica> synthesized.

INFO:Xst:1767 - HDL ADVISOR - Resource sharing has identified that some arithmetic operations in this design can share the same physical resources for reduced device utilization. For improved clock frequency you may try to disable resource sharing.

=========================================================================
HDL Synthesis Report

Macro Statistics
# Adders/Subtractors                                   : 1
 5-bit addsub                                          : 1
# Counters                                             : 1
 32-bit up counter                                     : 1
# Registers                                            : 2
 1-bit register                                        : 1
 5-bit register                                        : 1
# Comparators                                          : 1
 5-bit comparator greatequal                           : 1

=========================================================================

=========================================================================
*                       Advanced HDL Synthesis                          *
=========================================================================


=========================================================================
Advanced HDL Synthesis Report

Macro Statistics
# Adders/Subtractors                                   : 1
 5-bit addsub                                          : 1
# Counters                                             : 1
 32-bit up counter                                     : 1
# Registers                                            : 6
 Flip-Flops                                            : 6
# Comparators                                          : 1
 5-bit comparator greatequal                           : 1

=========================================================================

=========================================================================
*                         Low Level Synthesis                           *
=========================================================================

Optimizing unit <stoperica> ...

Mapping all equations...
Building and optimizing final netlist ...
Found area constraint ratio of 100 (+ 5) on block stoperica, actual ratio is 0.

Final Macro Processing ...

=========================================================================
Final Register Report

Macro Statistics
# Registers                                            : 38
 Flip-Flops                                            : 38

=========================================================================

=========================================================================
*                           Partition Report                            *
=========================================================================

Partition Implementation Status
-------------------------------

  No Partitions were found in this design.

-------------------------------

=========================================================================
*                            Final Report                               *
=========================================================================
Final Results
RTL Top Level Output File Name     : stoperica.ngr
Top Level Output File Name         : stoperica
Output Format                      : NGC
Optimization Goal                  : Speed
Keep Hierarchy                     : No

Design Statistics
# IOs                              : 15

Cell Usage :
# BELS                             : 134
#      GND                         : 1
#      INV                         : 2
#      LUT1                        : 31
#      LUT2                        : 2
#      LUT3                        : 2
#      LUT3_L                      : 1
#      LUT4                        : 20
#      LUT4_L                      : 1
#      MUXCY                       : 39
#      MUXF5                       : 2
#      VCC                         : 1
#      XORCY                       : 32
# FlipFlops/Latches                : 38
#      FDCE                        : 5
#      FDE                         : 1
#      FDR                         : 32
# Clock Buffers                    : 1
#      BUFGP                       : 1
# IO Buffers                       : 14
#      IBUF                        : 9
#      OBUF                        : 5
=========================================================================

Device utilization summary:
---------------------------

Selected Device : 3s1500fg676-4 

 Number of Slices:                       30  out of  13312     0%  
 Number of Slice Flip Flops:             38  out of  26624     0%  
 Number of 4 input LUTs:                 59  out of  26624     0%  
 Number of IOs:                          15
 Number of bonded IOBs:                  15  out of    487     3%  
 Number of GCLKs:                         1  out of      8    12%  

---------------------------
Partition Resource Summary:
---------------------------

  No Partitions were found in this design.

---------------------------


=========================================================================
TIMING REPORT

NOTE: THESE TIMING NUMBERS ARE ONLY A SYNTHESIS ESTIMATE.
      FOR ACCURATE TIMING INFORMATION PLEASE REFER TO THE TRACE REPORT
      GENERATED AFTER PLACE-and-ROUTE.

Clock Information:
------------------
-----------------------------------+------------------------+-------+
Clock Signal                       | Clock buffer(FF name)  | Load  |
-----------------------------------+------------------------+-------+
clk_divider/slow_clk               | NONE(t_cnt_0)          | 5     |
iCLK                               | BUFGP                  | 33    |
-----------------------------------+------------------------+-------+
INFO:Xst:2169 - HDL ADVISOR - Some clock signals were not automatically buffered by XST with BUFG/BUFR resources. Please use the buffer_type constraint in order to insert these buffers to the clock signals to help prevent skew problems.

Asynchronous Control Signals Information:
----------------------------------------
-----------------------------------+------------------------+-------+
Control Signal                     | Buffer(FF name)        | Load  |
-----------------------------------+------------------------+-------+
iRST                               | IBUF                   | 5     |
-----------------------------------+------------------------+-------+

Timing Summary:
---------------
Speed Grade: -4

   Minimum period: 7.463ns (Maximum Frequency: 133.994MHz)
   Minimum input arrival time before clock: 7.630ns
   Maximum output required time after clock: 7.488ns
   Maximum combinational path delay: No path found

Timing Detail:
--------------
All values displayed in nanoseconds (ns)

=========================================================================
Timing constraint: Default period analysis for Clock 'clk_divider/slow_clk'
  Clock period: 7.463ns (frequency: 133.994MHz)
  Total number of paths / destination ports: 78 / 10
-------------------------------------------------------------------------
Delay:               7.463ns (Levels of Logic = 4)
  Source:            t_cnt_0 (FF)
  Destination:       t_cnt_0 (FF)
  Source Clock:      clk_divider/slow_clk rising
  Destination Clock: clk_divider/slow_clk rising

  Data Path: t_cnt_0 to t_cnt_0
                                Gate     Net
    Cell:in->out      fanout   Delay   Delay  Logical Name (Net Name)
    ----------------------------------------  ------------
     FDCE:C->Q             9   0.720   1.150  t_cnt_0 (t_cnt_0)
     LUT4:I3->O            1   0.551   0.801  t_cnt_cmp_ge00002 (t_cnt_cmp_ge00001)
     MUXF5:S->O            1   0.621   0.869  t_cnt_cmp_ge00001 (t_cnt_cmp_ge00002)
     LUT3_L:I2->LO         1   0.551   0.126  t_cnt_not0002_SW0 (N23)
     LUT4:I3->O            5   0.551   0.921  t_cnt_not0002 (t_cnt_not0002)
     FDCE:CE                   0.602          t_cnt_0
    ----------------------------------------
    Total                      7.463ns (3.596ns logic, 3.867ns route)
                                       (48.2% logic, 51.8% route)

=========================================================================
Timing constraint: Default period analysis for Clock 'iCLK'
  Clock period: 6.537ns (frequency: 152.979MHz)
  Total number of paths / destination ports: 1585 / 66
-------------------------------------------------------------------------
Delay:               6.537ns (Levels of Logic = 9)
  Source:            clk_divider/counter_8 (FF)
  Destination:       clk_divider/counter_0 (FF)
  Source Clock:      iCLK rising
  Destination Clock: iCLK rising

  Data Path: clk_divider/counter_8 to clk_divider/counter_0
                                Gate     Net
    Cell:in->out      fanout   Delay   Delay  Logical Name (Net Name)
    ----------------------------------------  ------------
     FDR:C->Q              2   0.720   1.216  clk_divider/counter_8 (clk_divider/counter_8)
     LUT4:I0->O            1   0.551   0.000  clk_divider/slow_clk_cmp_eq0000_wg_lut<0> (clk_divider/slow_clk_cmp_eq0000_wg_lut<0>)
     MUXCY:S->O            1   0.500   0.000  clk_divider/slow_clk_cmp_eq0000_wg_cy<0> (clk_divider/slow_clk_cmp_eq0000_wg_cy<0>)
     MUXCY:CI->O           1   0.064   0.000  clk_divider/slow_clk_cmp_eq0000_wg_cy<1> (clk_divider/slow_clk_cmp_eq0000_wg_cy<1>)
     MUXCY:CI->O           1   0.064   0.000  clk_divider/slow_clk_cmp_eq0000_wg_cy<2> (clk_divider/slow_clk_cmp_eq0000_wg_cy<2>)
     MUXCY:CI->O           1   0.064   0.000  clk_divider/slow_clk_cmp_eq0000_wg_cy<3> (clk_divider/slow_clk_cmp_eq0000_wg_cy<3>)
     MUXCY:CI->O           1   0.064   0.000  clk_divider/slow_clk_cmp_eq0000_wg_cy<4> (clk_divider/slow_clk_cmp_eq0000_wg_cy<4>)
     MUXCY:CI->O           1   0.064   0.000  clk_divider/slow_clk_cmp_eq0000_wg_cy<5> (clk_divider/slow_clk_cmp_eq0000_wg_cy<5>)
     MUXCY:CI->O           1   0.064   0.000  clk_divider/slow_clk_cmp_eq0000_wg_cy<6> (clk_divider/slow_clk_cmp_eq0000_wg_cy<6>)
     MUXCY:CI->O          33   0.281   1.859  clk_divider/slow_clk_cmp_eq0000_wg_cy<7> (clk_divider/slow_clk_cmp_eq0000)
     FDR:R                     1.026          clk_divider/counter_0
    ----------------------------------------
    Total                      6.537ns (3.462ns logic, 3.075ns route)
                                       (53.0% logic, 47.0% route)

=========================================================================
Timing constraint: Default OFFSET IN BEFORE for Clock 'clk_divider/slow_clk'
  Total number of paths / destination ports: 71 / 10
-------------------------------------------------------------------------
Offset:              7.630ns (Levels of Logic = 5)
  Source:            loadValue<1> (PAD)
  Destination:       t_cnt_0 (FF)
  Destination Clock: clk_divider/slow_clk rising

  Data Path: loadValue<1> to t_cnt_0
                                Gate     Net
    Cell:in->out      fanout   Delay   Delay  Logical Name (Net Name)
    ----------------------------------------  ------------
     IBUF:I->O             2   0.821   1.216  loadValue_1_IBUF (loadValue_1_IBUF)
     LUT4:I0->O            1   0.551   0.801  t_cnt_cmp_ge00002 (t_cnt_cmp_ge00001)
     MUXF5:S->O            1   0.621   0.869  t_cnt_cmp_ge00001 (t_cnt_cmp_ge00002)
     LUT3_L:I2->LO         1   0.551   0.126  t_cnt_not0002_SW0 (N23)
     LUT4:I3->O            5   0.551   0.921  t_cnt_not0002 (t_cnt_not0002)
     FDCE:CE                   0.602          t_cnt_0
    ----------------------------------------
    Total                      7.630ns (3.697ns logic, 3.933ns route)
                                       (48.5% logic, 51.5% route)

=========================================================================
Timing constraint: Default OFFSET OUT AFTER for Clock 'clk_divider/slow_clk'
  Total number of paths / destination ports: 5 / 5
-------------------------------------------------------------------------
Offset:              7.488ns (Levels of Logic = 1)
  Source:            t_cnt_0 (FF)
  Destination:       oCNT<0> (PAD)
  Source Clock:      clk_divider/slow_clk rising

  Data Path: t_cnt_0 to oCNT<0>
                                Gate     Net
    Cell:in->out      fanout   Delay   Delay  Logical Name (Net Name)
    ----------------------------------------  ------------
     FDCE:C->Q             9   0.720   1.124  t_cnt_0 (t_cnt_0)
     OBUF:I->O                 5.644          oCNT_0_OBUF (oCNT<0>)
    ----------------------------------------
    Total                      7.488ns (6.364ns logic, 1.124ns route)
                                       (85.0% logic, 15.0% route)

=========================================================================


Total REAL time to Xst completion: 7.00 secs
Total CPU time to Xst completion: 6.90 secs
 
--> 

Total memory usage is 4515012 kilobytes

Number of errors   :    0 (   0 filtered)
Number of warnings :    1 (   0 filtered)
Number of infos    :    2 (   0 filtered)

