Release 14.7 - xst P.20131013 (nt64)
Copyright (c) 1995-2013 Xilinx, Inc.  All rights reserved.
--> Parameter TMPDIR set to xst/projnav.tmp


Total REAL time to Xst completion: 0.00 secs
Total CPU time to Xst completion: 0.07 secs
 
--> Parameter xsthdpdir set to xst


Total REAL time to Xst completion: 0.00 secs
Total CPU time to Xst completion: 0.07 secs
 
--> Reading design: brojac.prj

TABLE OF CONTENTS
  1) Synthesis Options Summary
  2) HDL Compilation
  3) Design Hierarchy Analysis
  4) HDL Analysis
  5) HDL Synthesis
     5.1) HDL Synthesis Report
  6) Advanced HDL Synthesis
     6.1) Advanced HDL Synthesis Report
  7) Low Level Synthesis
  8) Partition Report
  9) Final Report
	9.1) Device utilization summary
	9.2) Partition Resource Summary
	9.3) TIMING REPORT


=========================================================================
*                      Synthesis Options Summary                        *
=========================================================================
---- Source Parameters
Input File Name                    : "brojac.prj"
Input Format                       : mixed
Ignore Synthesis Constraint File   : NO

---- Target Parameters
Output File Name                   : "brojac"
Output Format                      : NGC
Target Device                      : xc3s1500-4-fg676

---- Source Options
Top Module Name                    : brojac
Automatic FSM Extraction           : YES
FSM Encoding Algorithm             : Auto
Safe Implementation                : No
FSM Style                          : LUT
RAM Extraction                     : Yes
RAM Style                          : Auto
ROM Extraction                     : Yes
Mux Style                          : Auto
Decoder Extraction                 : YES
Priority Encoder Extraction        : Yes
Shift Register Extraction          : YES
Logical Shifter Extraction         : YES
XOR Collapsing                     : YES
ROM Style                          : Auto
Mux Extraction                     : Yes
Resource Sharing                   : YES
Asynchronous To Synchronous        : NO
Multiplier Style                   : Auto
Automatic Register Balancing       : No

---- Target Options
Add IO Buffers                     : YES
Global Maximum Fanout              : 500
Add Generic Clock Buffer(BUFG)     : 8
Register Duplication               : YES
Slice Packing                      : YES
Optimize Instantiated Primitives   : NO
Use Clock Enable                   : Yes
Use Synchronous Set                : Yes
Use Synchronous Reset              : Yes
Pack IO Registers into IOBs        : Auto
Equivalent register Removal        : YES

---- General Options
Optimization Goal                  : Speed
Optimization Effort                : 1
Keep Hierarchy                     : No
Netlist Hierarchy                  : As_Optimized
RTL Output                         : Yes
Global Optimization                : AllClockNets
Read Cores                         : YES
Write Timing Constraints           : NO
Cross Clock Analysis               : NO
Hierarchy Separator                : /
Bus Delimiter                      : <>
Case Specifier                     : Maintain
Slice Utilization Ratio            : 100
BRAM Utilization Ratio             : 100
Verilog 2001                       : YES
Auto BRAM Packing                  : NO
Slice Utilization Ratio Delta      : 5

=========================================================================


=========================================================================
*                          HDL Compilation                              *
=========================================================================
Compiling vhdl file "C:/Users/Samir/Desktop/VHDL/Vezbanje/brojac/brojac.vhd" in Library work.
Entity <brojac> compiled.
Entity <brojac> (Architecture <Behavioral>) compiled.

=========================================================================
*                     Design Hierarchy Analysis                         *
=========================================================================
Analyzing hierarchy for entity <brojac> in library <work> (architecture <Behavioral>).


=========================================================================
*                            HDL Analysis                               *
=========================================================================
Analyzing Entity <brojac> in library <work> (Architecture <Behavioral>).
Entity <brojac> analyzed. Unit <brojac> generated.


=========================================================================
*                           HDL Synthesis                               *
=========================================================================

Performing bidirectional port resolution...

Synthesizing Unit <brojac>.
    Related source file is "C:/Users/Samir/Desktop/VHDL/Vezbanje/brojac/brojac.vhd".
    Found 21-bit up counter for signal <divider>.
    Found 1-bit register for signal <slow_clk>.
    Found 8-bit updown counter for signal <t_cnt>.
    Summary:
	inferred   2 Counter(s).
	inferred   1 D-type flip-flop(s).
Unit <brojac> synthesized.


=========================================================================
HDL Synthesis Report

Macro Statistics
# Counters                                             : 2
 21-bit up counter                                     : 1
 8-bit updown counter                                  : 1
# Registers                                            : 1
 1-bit register                                        : 1

=========================================================================

=========================================================================
*                       Advanced HDL Synthesis                          *
=========================================================================


=========================================================================
Advanced HDL Synthesis Report

Macro Statistics
# Counters                                             : 2
 21-bit up counter                                     : 1
 8-bit updown counter                                  : 1
# Registers                                            : 1
 Flip-Flops                                            : 1

=========================================================================

=========================================================================
*                         Low Level Synthesis                           *
=========================================================================

Optimizing unit <brojac> ...

Mapping all equations...
Building and optimizing final netlist ...
Found area constraint ratio of 100 (+ 5) on block brojac, actual ratio is 0.

Final Macro Processing ...

=========================================================================
Final Register Report

Macro Statistics
# Registers                                            : 30
 Flip-Flops                                            : 30

=========================================================================

=========================================================================
*                           Partition Report                            *
=========================================================================

Partition Implementation Status
-------------------------------

  No Partitions were found in this design.

-------------------------------

=========================================================================
*                            Final Report                               *
=========================================================================
Final Results
RTL Top Level Output File Name     : brojac.ngr
Top Level Output File Name         : brojac
Output Format                      : NGC
Optimization Goal                  : Speed
Keep Hierarchy                     : No

Design Statistics
# IOs                              : 20

Cell Usage :
# BELS                             : 96
#      GND                         : 1
#      INV                         : 2
#      LUT1                        : 20
#      LUT2                        : 1
#      LUT4                        : 8
#      MULT_AND                    : 7
#      MUXCY                       : 27
#      VCC                         : 1
#      XORCY                       : 29
# FlipFlops/Latches                : 30
#      FDC                         : 30
# Clock Buffers                    : 1
#      BUFGP                       : 1
# IO Buffers                       : 19
#      IBUF                        : 11
#      OBUF                        : 8
=========================================================================

Device utilization summary:
---------------------------

Selected Device : 3s1500fg676-4 

 Number of Slices:                       16  out of  13312     0%  
 Number of Slice Flip Flops:             30  out of  26624     0%  
 Number of 4 input LUTs:                 31  out of  26624     0%  
 Number of IOs:                          20
 Number of bonded IOBs:                  20  out of    487     4%  
 Number of GCLKs:                         1  out of      8    12%  

---------------------------
Partition Resource Summary:
---------------------------

  No Partitions were found in this design.

---------------------------


=========================================================================
TIMING REPORT

NOTE: THESE TIMING NUMBERS ARE ONLY A SYNTHESIS ESTIMATE.
      FOR ACCURATE TIMING INFORMATION PLEASE REFER TO THE TRACE REPORT
      GENERATED AFTER PLACE-and-ROUTE.

Clock Information:
------------------
-----------------------------------+------------------------+-------+
Clock Signal                       | Clock buffer(FF name)  | Load  |
-----------------------------------+------------------------+-------+
CLK                                | BUFGP                  | 22    |
slow_clk                           | NONE(t_cnt_0)          | 8     |
-----------------------------------+------------------------+-------+
INFO:Xst:2169 - HDL ADVISOR - Some clock signals were not automatically buffered by XST with BUFG/BUFR resources. Please use the buffer_type constraint in order to insert these buffers to the clock signals to help prevent skew problems.

Asynchronous Control Signals Information:
----------------------------------------
-----------------------------------+------------------------+-------+
Control Signal                     | Buffer(FF name)        | Load  |
-----------------------------------+------------------------+-------+
RESET                              | IBUF                   | 30    |
-----------------------------------+------------------------+-------+

Timing Summary:
---------------
Speed Grade: -4

   Minimum period: 5.170ns (Maximum Frequency: 193.424MHz)
   Minimum input arrival time before clock: 6.021ns
   Maximum output required time after clock: 7.241ns
   Maximum combinational path delay: No path found

Timing Detail:
--------------
All values displayed in nanoseconds (ns)

=========================================================================
Timing constraint: Default period analysis for Clock 'CLK'
  Clock period: 5.170ns (frequency: 193.424MHz)
  Total number of paths / destination ports: 232 / 22
-------------------------------------------------------------------------
Delay:               5.170ns (Levels of Logic = 21)
  Source:            divider_1 (FF)
  Destination:       divider_20 (FF)
  Source Clock:      CLK rising
  Destination Clock: CLK rising

  Data Path: divider_1 to divider_20
                                Gate     Net
    Cell:in->out      fanout   Delay   Delay  Logical Name (Net Name)
    ----------------------------------------  ------------
     FDC:C->Q              1   0.720   1.140  divider_1 (divider_1)
     LUT1:I0->O            1   0.551   0.000  Mcount_divider_cy<1>_rt (Mcount_divider_cy<1>_rt)
     MUXCY:S->O            1   0.500   0.000  Mcount_divider_cy<1> (Mcount_divider_cy<1>)
     MUXCY:CI->O           1   0.064   0.000  Mcount_divider_cy<2> (Mcount_divider_cy<2>)
     MUXCY:CI->O           1   0.064   0.000  Mcount_divider_cy<3> (Mcount_divider_cy<3>)
     MUXCY:CI->O           1   0.064   0.000  Mcount_divider_cy<4> (Mcount_divider_cy<4>)
     MUXCY:CI->O           1   0.064   0.000  Mcount_divider_cy<5> (Mcount_divider_cy<5>)
     MUXCY:CI->O           1   0.064   0.000  Mcount_divider_cy<6> (Mcount_divider_cy<6>)
     MUXCY:CI->O           1   0.064   0.000  Mcount_divider_cy<7> (Mcount_divider_cy<7>)
     MUXCY:CI->O           1   0.064   0.000  Mcount_divider_cy<8> (Mcount_divider_cy<8>)
     MUXCY:CI->O           1   0.064   0.000  Mcount_divider_cy<9> (Mcount_divider_cy<9>)
     MUXCY:CI->O           1   0.064   0.000  Mcount_divider_cy<10> (Mcount_divider_cy<10>)
     MUXCY:CI->O           1   0.064   0.000  Mcount_divider_cy<11> (Mcount_divider_cy<11>)
     MUXCY:CI->O           1   0.064   0.000  Mcount_divider_cy<12> (Mcount_divider_cy<12>)
     MUXCY:CI->O           1   0.064   0.000  Mcount_divider_cy<13> (Mcount_divider_cy<13>)
     MUXCY:CI->O           1   0.064   0.000  Mcount_divider_cy<14> (Mcount_divider_cy<14>)
     MUXCY:CI->O           1   0.064   0.000  Mcount_divider_cy<15> (Mcount_divider_cy<15>)
     MUXCY:CI->O           1   0.064   0.000  Mcount_divider_cy<16> (Mcount_divider_cy<16>)
     MUXCY:CI->O           1   0.064   0.000  Mcount_divider_cy<17> (Mcount_divider_cy<17>)
     MUXCY:CI->O           1   0.064   0.000  Mcount_divider_cy<18> (Mcount_divider_cy<18>)
     MUXCY:CI->O           0   0.064   0.000  Mcount_divider_cy<19> (Mcount_divider_cy<19>)
     XORCY:CI->O           1   0.904   0.000  Mcount_divider_xor<20> (Result<20>)
     FDC:D                     0.203          divider_20
    ----------------------------------------
    Total                      5.170ns (4.030ns logic, 1.140ns route)
                                       (77.9% logic, 22.1% route)

=========================================================================
Timing constraint: Default period analysis for Clock 'slow_clk'
  Clock period: 4.165ns (frequency: 240.096MHz)
  Total number of paths / destination ports: 64 / 8
-------------------------------------------------------------------------
Delay:               4.165ns (Levels of Logic = 9)
  Source:            t_cnt_0 (FF)
  Destination:       t_cnt_7 (FF)
  Source Clock:      slow_clk rising
  Destination Clock: slow_clk rising

  Data Path: t_cnt_0 to t_cnt_7
                                Gate     Net
    Cell:in->out      fanout   Delay   Delay  Logical Name (Net Name)
    ----------------------------------------  ------------
     FDC:C->Q              2   0.720   0.903  t_cnt_0 (t_cnt_0)
     LUT4:I3->O            1   0.551   0.000  Mcount_t_cnt_lut<0> (Mcount_t_cnt_lut<0>)
     MUXCY:S->O            1   0.500   0.000  Mcount_t_cnt_cy<0> (Mcount_t_cnt_cy<0>)
     MUXCY:CI->O           1   0.064   0.000  Mcount_t_cnt_cy<1> (Mcount_t_cnt_cy<1>)
     MUXCY:CI->O           1   0.064   0.000  Mcount_t_cnt_cy<2> (Mcount_t_cnt_cy<2>)
     MUXCY:CI->O           1   0.064   0.000  Mcount_t_cnt_cy<3> (Mcount_t_cnt_cy<3>)
     MUXCY:CI->O           1   0.064   0.000  Mcount_t_cnt_cy<4> (Mcount_t_cnt_cy<4>)
     MUXCY:CI->O           1   0.064   0.000  Mcount_t_cnt_cy<5> (Mcount_t_cnt_cy<5>)
     MUXCY:CI->O           0   0.064   0.000  Mcount_t_cnt_cy<6> (Mcount_t_cnt_cy<6>)
     XORCY:CI->O           1   0.904   0.000  Mcount_t_cnt_xor<7> (Mcount_t_cnt8)
     FDC:D                     0.203          t_cnt_7
    ----------------------------------------
    Total                      4.165ns (3.262ns logic, 0.903ns route)
                                       (78.3% logic, 21.7% route)

=========================================================================
Timing constraint: Default OFFSET IN BEFORE for Clock 'slow_clk'
  Total number of paths / destination ports: 152 / 8
-------------------------------------------------------------------------
Offset:              6.021ns (Levels of Logic = 8)
  Source:            LD (PAD)
  Destination:       t_cnt_7 (FF)
  Destination Clock: slow_clk rising

  Data Path: LD to t_cnt_7
                                Gate     Net
    Cell:in->out      fanout   Delay   Delay  Logical Name (Net Name)
    ----------------------------------------  ------------
     IBUF:I->O             2   0.821   0.877  LD_IBUF (LD_IBUF)
     INV:I->O              8   0.551   1.422  LD_inv1_INV_0 (LD_inv)
     LUT4:I0->O            1   0.551   0.000  Mcount_t_cnt_lut<3> (Mcount_t_cnt_lut<3>)
     MUXCY:S->O            1   0.500   0.000  Mcount_t_cnt_cy<3> (Mcount_t_cnt_cy<3>)
     MUXCY:CI->O           1   0.064   0.000  Mcount_t_cnt_cy<4> (Mcount_t_cnt_cy<4>)
     MUXCY:CI->O           1   0.064   0.000  Mcount_t_cnt_cy<5> (Mcount_t_cnt_cy<5>)
     MUXCY:CI->O           0   0.064   0.000  Mcount_t_cnt_cy<6> (Mcount_t_cnt_cy<6>)
     XORCY:CI->O           1   0.904   0.000  Mcount_t_cnt_xor<7> (Mcount_t_cnt8)
     FDC:D                     0.203          t_cnt_7
    ----------------------------------------
    Total                      6.021ns (3.722ns logic, 2.299ns route)
                                       (61.8% logic, 38.2% route)

=========================================================================
Timing constraint: Default OFFSET OUT AFTER for Clock 'slow_clk'
  Total number of paths / destination ports: 8 / 8
-------------------------------------------------------------------------
Offset:              7.241ns (Levels of Logic = 1)
  Source:            t_cnt_7 (FF)
  Destination:       COUNT<7> (PAD)
  Source Clock:      slow_clk rising

  Data Path: t_cnt_7 to COUNT<7>
                                Gate     Net
    Cell:in->out      fanout   Delay   Delay  Logical Name (Net Name)
    ----------------------------------------  ------------
     FDC:C->Q              2   0.720   0.877  t_cnt_7 (t_cnt_7)
     OBUF:I->O                 5.644          COUNT_7_OBUF (COUNT<7>)
    ----------------------------------------
    Total                      7.241ns (6.364ns logic, 0.877ns route)
                                       (87.9% logic, 12.1% route)

=========================================================================


Total REAL time to Xst completion: 2.00 secs
Total CPU time to Xst completion: 2.95 secs
 
--> 

Total memory usage is 4498692 kilobytes

Number of errors   :    0 (   0 filtered)
Number of warnings :    0 (   0 filtered)
Number of infos    :    1 (   0 filtered)

