Release 14.7 - xst P.20131013 (nt64)
Copyright (c) 1995-2013 Xilinx, Inc.  All rights reserved.
--> Parameter TMPDIR set to xst/projnav.tmp


Total REAL time to Xst completion: 1.00 secs
Total CPU time to Xst completion: 0.17 secs
 
--> Parameter xsthdpdir set to xst


Total REAL time to Xst completion: 1.00 secs
Total CPU time to Xst completion: 0.17 secs
 
--> Reading design: LedShow.prj

TABLE OF CONTENTS
  1) Synthesis Options Summary
  2) HDL Compilation
  3) Design Hierarchy Analysis
  4) HDL Analysis
  5) HDL Synthesis
     5.1) HDL Synthesis Report
  6) Advanced HDL Synthesis
     6.1) Advanced HDL Synthesis Report
  7) Low Level Synthesis
  8) Partition Report
  9) Final Report
	9.1) Device utilization summary
	9.2) Partition Resource Summary
	9.3) TIMING REPORT


=========================================================================
*                      Synthesis Options Summary                        *
=========================================================================
---- Source Parameters
Input File Name                    : "LedShow.prj"
Input Format                       : mixed
Ignore Synthesis Constraint File   : NO

---- Target Parameters
Output File Name                   : "LedShow"
Output Format                      : NGC
Target Device                      : xc3s1500-4-fg676

---- Source Options
Top Module Name                    : LedShow
Automatic FSM Extraction           : YES
FSM Encoding Algorithm             : Auto
Safe Implementation                : No
FSM Style                          : LUT
RAM Extraction                     : Yes
RAM Style                          : Auto
ROM Extraction                     : Yes
Mux Style                          : Auto
Decoder Extraction                 : YES
Priority Encoder Extraction        : Yes
Shift Register Extraction          : YES
Logical Shifter Extraction         : YES
XOR Collapsing                     : YES
ROM Style                          : Auto
Mux Extraction                     : Yes
Resource Sharing                   : YES
Asynchronous To Synchronous        : NO
Multiplier Style                   : Auto
Automatic Register Balancing       : No

---- Target Options
Add IO Buffers                     : YES
Global Maximum Fanout              : 100000
Add Generic Clock Buffer(BUFG)     : 8
Register Duplication               : YES
Slice Packing                      : YES
Optimize Instantiated Primitives   : NO
Use Clock Enable                   : Yes
Use Synchronous Set                : Yes
Use Synchronous Reset              : Yes
Pack IO Registers into IOBs        : Auto
Equivalent register Removal        : YES

---- General Options
Optimization Goal                  : Speed
Optimization Effort                : 1
Keep Hierarchy                     : No
Netlist Hierarchy                  : As_Optimized
RTL Output                         : Yes
Global Optimization                : AllClockNets
Read Cores                         : YES
Write Timing Constraints           : NO
Cross Clock Analysis               : NO
Hierarchy Separator                : /
Bus Delimiter                      : <>
Case Specifier                     : Maintain
Slice Utilization Ratio            : 100
BRAM Utilization Ratio             : 100
Verilog 2001                       : YES
Auto BRAM Packing                  : NO
Slice Utilization Ratio Delta      : 5

=========================================================================


=========================================================================
*                          HDL Compilation                              *
=========================================================================
Compiling vhdl file "C:/Users/Samir/Desktop/VHDL/Sesta lab vezba/LedShow/clock_divider.vhd" in Library work.
Architecture behavioral of Entity clock_divider is up to date.
Compiling vhdl file "C:/Users/Samir/Desktop/VHDL/Sesta lab vezba/LedShow/LedShow.vhd" in Library work.
Entity <ledshow> compiled.
Entity <ledshow> (Architecture <behavioral>) compiled.

=========================================================================
*                     Design Hierarchy Analysis                         *
=========================================================================
Analyzing hierarchy for entity <LedShow> in library <work> (architecture <behavioral>).

Analyzing hierarchy for entity <clock_divider> in library <work> (architecture <behavioral>).


=========================================================================
*                            HDL Analysis                               *
=========================================================================
Analyzing Entity <LedShow> in library <work> (Architecture <behavioral>).
Entity <LedShow> analyzed. Unit <LedShow> generated.

Analyzing Entity <clock_divider> in library <work> (Architecture <behavioral>).
Entity <clock_divider> analyzed. Unit <clock_divider> generated.


=========================================================================
*                           HDL Synthesis                               *
=========================================================================

Performing bidirectional port resolution...

Synthesizing Unit <clock_divider>.
    Related source file is "C:/Users/Samir/Desktop/VHDL/Sesta lab vezba/LedShow/clock_divider.vhd".
    Found 32-bit up counter for signal <counter>.
    Found 1-bit register for signal <slow_clk>.
    Summary:
	inferred   1 Counter(s).
	inferred   1 D-type flip-flop(s).
Unit <clock_divider> synthesized.


Synthesizing Unit <LedShow>.
    Related source file is "C:/Users/Samir/Desktop/VHDL/Sesta lab vezba/LedShow/LedShow.vhd".
    Using one-hot encoding for signal <current_state>.
    Found 8-bit register for signal <LED_out>.
    Found 4-bit register for signal <next_state>.
    Summary:
	inferred  12 D-type flip-flop(s).
Unit <LedShow> synthesized.


=========================================================================
HDL Synthesis Report

Macro Statistics
# Counters                                             : 1
 32-bit up counter                                     : 1
# Registers                                            : 3
 1-bit register                                        : 1
 4-bit register                                        : 1
 8-bit register                                        : 1

=========================================================================

=========================================================================
*                       Advanced HDL Synthesis                          *
=========================================================================


=========================================================================
Advanced HDL Synthesis Report

Macro Statistics
# Counters                                             : 1
 32-bit up counter                                     : 1
# Registers                                            : 13
 Flip-Flops                                            : 13

=========================================================================

=========================================================================
*                         Low Level Synthesis                           *
=========================================================================

Optimizing unit <LedShow> ...

Mapping all equations...
Building and optimizing final netlist ...
Found area constraint ratio of 100 (+ 5) on block LedShow, actual ratio is 0.

Final Macro Processing ...

=========================================================================
Final Register Report

Macro Statistics
# Registers                                            : 45
 Flip-Flops                                            : 45

=========================================================================

=========================================================================
*                           Partition Report                            *
=========================================================================

Partition Implementation Status
-------------------------------

  No Partitions were found in this design.

-------------------------------

=========================================================================
*                            Final Report                               *
=========================================================================
Final Results
RTL Top Level Output File Name     : LedShow.ngr
Top Level Output File Name         : LedShow
Output Format                      : NGC
Optimization Goal                  : Speed
Keep Hierarchy                     : No

Design Statistics
# IOs                              : 13

Cell Usage :
# BELS                             : 151
#      GND                         : 1
#      INV                         : 2
#      LUT1                        : 31
#      LUT2                        : 3
#      LUT2_D                      : 2
#      LUT3                        : 4
#      LUT3_D                      : 1
#      LUT4                        : 29
#      LUT4_D                      : 1
#      LUT4_L                      : 2
#      MUXCY                       : 39
#      MUXF5                       : 3
#      VCC                         : 1
#      XORCY                       : 32
# FlipFlops/Latches                : 45
#      FD                          : 4
#      FDE                         : 1
#      FDR                         : 32
#      FDS                         : 8
# Clock Buffers                    : 1
#      BUFGP                       : 1
# IO Buffers                       : 12
#      IBUF                        : 4
#      OBUF                        : 8
=========================================================================

Device utilization summary:
---------------------------

Selected Device : 3s1500fg676-4 

 Number of Slices:                       38  out of  13312     0%  
 Number of Slice Flip Flops:             45  out of  26624     0%  
 Number of 4 input LUTs:                 75  out of  26624     0%  
 Number of IOs:                          13
 Number of bonded IOBs:                  13  out of    487     2%  
 Number of GCLKs:                         1  out of      8    12%  

---------------------------
Partition Resource Summary:
---------------------------

  No Partitions were found in this design.

---------------------------


=========================================================================
TIMING REPORT

NOTE: THESE TIMING NUMBERS ARE ONLY A SYNTHESIS ESTIMATE.
      FOR ACCURATE TIMING INFORMATION PLEASE REFER TO THE TRACE REPORT
      GENERATED AFTER PLACE-and-ROUTE.

Clock Information:
------------------
-----------------------------------+------------------------+-------+
Clock Signal                       | Clock buffer(FF name)  | Load  |
-----------------------------------+------------------------+-------+
clk_divider/slow_clk               | NONE(next_state_0)     | 12    |
inCLK                              | BUFGP                  | 33    |
-----------------------------------+------------------------+-------+
INFO:Xst:2169 - HDL ADVISOR - Some clock signals were not automatically buffered by XST with BUFG/BUFR resources. Please use the buffer_type constraint in order to insert these buffers to the clock signals to help prevent skew problems.

Asynchronous Control Signals Information:
----------------------------------------
No asynchronous control signals found in this design

Timing Summary:
---------------
Speed Grade: -4

   Minimum period: 6.537ns (Maximum Frequency: 152.979MHz)
   Minimum input arrival time before clock: 6.674ns
   Maximum output required time after clock: 7.430ns
   Maximum combinational path delay: No path found

Timing Detail:
--------------
All values displayed in nanoseconds (ns)

=========================================================================
Timing constraint: Default period analysis for Clock 'clk_divider/slow_clk'
  Clock period: 6.126ns (frequency: 163.239MHz)
  Total number of paths / destination ports: 96 / 20
-------------------------------------------------------------------------
Delay:               6.126ns (Levels of Logic = 4)
  Source:            next_state_2 (FF)
  Destination:       LED_out_1 (FF)
  Source Clock:      clk_divider/slow_clk rising
  Destination Clock: clk_divider/slow_clk rising

  Data Path: next_state_2 to LED_out_1
                                Gate     Net
    Cell:in->out      fanout   Delay   Delay  Logical Name (Net Name)
    ----------------------------------------  ------------
     FD:C->Q               3   0.720   0.975  next_state_2 (next_state_2)
     LUT4_D:I2->O          1   0.551   0.869  LED_out_mux0000<0>2_SW0 (N12)
     LUT3_D:I2->LO         1   0.551   0.126  LED_out_mux0000<0>2 (N39)
     LUT4:I3->O            6   0.551   1.029  LED_out_mux0000<1>11 (N01)
     LUT4:I3->O            1   0.551   0.000  LED_out_mux0000<1>1 (LED_out_mux0000<1>1)
     FDS:D                     0.203          LED_out_1
    ----------------------------------------
    Total                      6.126ns (3.127ns logic, 2.999ns route)
                                       (51.0% logic, 49.0% route)

=========================================================================
Timing constraint: Default period analysis for Clock 'inCLK'
  Clock period: 6.537ns (frequency: 152.979MHz)
  Total number of paths / destination ports: 1585 / 66
-------------------------------------------------------------------------
Delay:               6.537ns (Levels of Logic = 9)
  Source:            clk_divider/counter_8 (FF)
  Destination:       clk_divider/counter_0 (FF)
  Source Clock:      inCLK rising
  Destination Clock: inCLK rising

  Data Path: clk_divider/counter_8 to clk_divider/counter_0
                                Gate     Net
    Cell:in->out      fanout   Delay   Delay  Logical Name (Net Name)
    ----------------------------------------  ------------
     FDR:C->Q              2   0.720   1.216  clk_divider/counter_8 (clk_divider/counter_8)
     LUT4:I0->O            1   0.551   0.000  clk_divider/slow_clk_cmp_eq0000_wg_lut<0> (clk_divider/slow_clk_cmp_eq0000_wg_lut<0>)
     MUXCY:S->O            1   0.500   0.000  clk_divider/slow_clk_cmp_eq0000_wg_cy<0> (clk_divider/slow_clk_cmp_eq0000_wg_cy<0>)
     MUXCY:CI->O           1   0.064   0.000  clk_divider/slow_clk_cmp_eq0000_wg_cy<1> (clk_divider/slow_clk_cmp_eq0000_wg_cy<1>)
     MUXCY:CI->O           1   0.064   0.000  clk_divider/slow_clk_cmp_eq0000_wg_cy<2> (clk_divider/slow_clk_cmp_eq0000_wg_cy<2>)
     MUXCY:CI->O           1   0.064   0.000  clk_divider/slow_clk_cmp_eq0000_wg_cy<3> (clk_divider/slow_clk_cmp_eq0000_wg_cy<3>)
     MUXCY:CI->O           1   0.064   0.000  clk_divider/slow_clk_cmp_eq0000_wg_cy<4> (clk_divider/slow_clk_cmp_eq0000_wg_cy<4>)
     MUXCY:CI->O           1   0.064   0.000  clk_divider/slow_clk_cmp_eq0000_wg_cy<5> (clk_divider/slow_clk_cmp_eq0000_wg_cy<5>)
     MUXCY:CI->O           1   0.064   0.000  clk_divider/slow_clk_cmp_eq0000_wg_cy<6> (clk_divider/slow_clk_cmp_eq0000_wg_cy<6>)
     MUXCY:CI->O          33   0.281   1.859  clk_divider/slow_clk_cmp_eq0000_wg_cy<7> (clk_divider/slow_clk_cmp_eq0000)
     FDR:R                     1.026          clk_divider/counter_0
    ----------------------------------------
    Total                      6.537ns (3.462ns logic, 3.075ns route)
                                       (53.0% logic, 47.0% route)

=========================================================================
Timing constraint: Default OFFSET IN BEFORE for Clock 'clk_divider/slow_clk'
  Total number of paths / destination ports: 97 / 20
-------------------------------------------------------------------------
Offset:              6.674ns (Levels of Logic = 5)
  Source:            inRL (PAD)
  Destination:       LED_out_1 (FF)
  Destination Clock: clk_divider/slow_clk rising

  Data Path: inRL to LED_out_1
                                Gate     Net
    Cell:in->out      fanout   Delay   Delay  Logical Name (Net Name)
    ----------------------------------------  ------------
     IBUF:I->O             8   0.821   1.422  inRL_IBUF (inRL_IBUF)
     LUT4_D:I0->O          1   0.551   0.869  LED_out_mux0000<0>2_SW0 (N12)
     LUT3_D:I2->LO         1   0.551   0.126  LED_out_mux0000<0>2 (N39)
     LUT4:I3->O            6   0.551   1.029  LED_out_mux0000<1>11 (N01)
     LUT4:I3->O            1   0.551   0.000  LED_out_mux0000<1>1 (LED_out_mux0000<1>1)
     FDS:D                     0.203          LED_out_1
    ----------------------------------------
    Total                      6.674ns (3.228ns logic, 3.446ns route)
                                       (48.4% logic, 51.6% route)

=========================================================================
Timing constraint: Default OFFSET OUT AFTER for Clock 'clk_divider/slow_clk'
  Total number of paths / destination ports: 8 / 8
-------------------------------------------------------------------------
Offset:              7.430ns (Levels of Logic = 1)
  Source:            LED_out_0 (FF)
  Destination:       oLED<0> (PAD)
  Source Clock:      clk_divider/slow_clk rising

  Data Path: LED_out_0 to oLED<0>
                                Gate     Net
    Cell:in->out      fanout   Delay   Delay  Logical Name (Net Name)
    ----------------------------------------  ------------
     FDS:C->Q              7   0.720   1.066  LED_out_0 (LED_out_0)
     OBUF:I->O                 5.644          oLED_0_OBUF (oLED<0>)
    ----------------------------------------
    Total                      7.430ns (6.364ns logic, 1.066ns route)
                                       (85.7% logic, 14.3% route)

=========================================================================


Total REAL time to Xst completion: 7.00 secs
Total CPU time to Xst completion: 7.11 secs
 
--> 

Total memory usage is 4514972 kilobytes

Number of errors   :    0 (   0 filtered)
Number of warnings :    0 (   0 filtered)
Number of infos    :    1 (   0 filtered)

