Release 14.7 - xst P.20131013 (nt64)
Copyright (c) 1995-2013 Xilinx, Inc.  All rights reserved.
--> Parameter TMPDIR set to xst/projnav.tmp


Total REAL time to Xst completion: 0.00 secs
Total CPU time to Xst completion: 0.17 secs
 
--> Parameter xsthdpdir set to xst


Total REAL time to Xst completion: 0.00 secs
Total CPU time to Xst completion: 0.17 secs
 
--> Reading design: arithmetic_structure.prj

TABLE OF CONTENTS
  1) Synthesis Options Summary
  2) HDL Compilation
  3) Design Hierarchy Analysis
  4) HDL Analysis
  5) HDL Synthesis
     5.1) HDL Synthesis Report
  6) Advanced HDL Synthesis
     6.1) Advanced HDL Synthesis Report
  7) Low Level Synthesis
  8) Partition Report
  9) Final Report
	9.1) Device utilization summary
	9.2) Partition Resource Summary
	9.3) TIMING REPORT


=========================================================================
*                      Synthesis Options Summary                        *
=========================================================================
---- Source Parameters
Input File Name                    : "arithmetic_structure.prj"
Input Format                       : mixed
Ignore Synthesis Constraint File   : NO

---- Target Parameters
Output File Name                   : "arithmetic_structure"
Output Format                      : NGC
Target Device                      : xc3s1500-4-fg676

---- Source Options
Top Module Name                    : arithmetic_structure
Automatic FSM Extraction           : YES
FSM Encoding Algorithm             : Auto
Safe Implementation                : No
FSM Style                          : LUT
RAM Extraction                     : Yes
RAM Style                          : Auto
ROM Extraction                     : Yes
Mux Style                          : Auto
Decoder Extraction                 : YES
Priority Encoder Extraction        : Yes
Shift Register Extraction          : YES
Logical Shifter Extraction         : YES
XOR Collapsing                     : YES
ROM Style                          : Auto
Mux Extraction                     : Yes
Resource Sharing                   : YES
Asynchronous To Synchronous        : NO
Multiplier Style                   : Auto
Automatic Register Balancing       : No

---- Target Options
Add IO Buffers                     : YES
Global Maximum Fanout              : 100000
Add Generic Clock Buffer(BUFG)     : 8
Register Duplication               : YES
Slice Packing                      : YES
Optimize Instantiated Primitives   : NO
Use Clock Enable                   : Yes
Use Synchronous Set                : Yes
Use Synchronous Reset              : Yes
Pack IO Registers into IOBs        : Auto
Equivalent register Removal        : YES

---- General Options
Optimization Goal                  : Speed
Optimization Effort                : 1
Keep Hierarchy                     : No
Netlist Hierarchy                  : As_Optimized
RTL Output                         : Yes
Global Optimization                : AllClockNets
Read Cores                         : YES
Write Timing Constraints           : NO
Cross Clock Analysis               : NO
Hierarchy Separator                : /
Bus Delimiter                      : <>
Case Specifier                     : Maintain
Slice Utilization Ratio            : 100
BRAM Utilization Ratio             : 100
Verilog 2001                       : YES
Auto BRAM Packing                  : NO
Slice Utilization Ratio Delta      : 5

=========================================================================


=========================================================================
*                          HDL Compilation                              *
=========================================================================
WARNING:HDLParsers:3607 - Unit work/arithmetic_structure is now defined in a different file.  It was defined in "/home/hamza/VHDL/arithemic/arithemtic.vhd", and is now defined in "C:/Users/Samir/Desktop/VHDL/arithemic/arithemic/arithemtic.vhd".
WARNING:HDLParsers:3607 - Unit work/arithmetic_structure/Behavioral is now defined in a different file.  It was defined in "/home/hamza/VHDL/arithemic/arithemtic.vhd", and is now defined in "C:/Users/Samir/Desktop/VHDL/arithemic/arithemic/arithemtic.vhd".
WARNING:HDLParsers:3607 - Unit work/adder is now defined in a different file.  It was defined in "/home/hamza/VHDL/arithemic/adder.vhd", and is now defined in "C:/Users/Samir/Desktop/VHDL/arithemic/arithemic/adder.vhd".
WARNING:HDLParsers:3607 - Unit work/adder/Behavioral is now defined in a different file.  It was defined in "/home/hamza/VHDL/arithemic/adder.vhd", and is now defined in "C:/Users/Samir/Desktop/VHDL/arithemic/arithemic/adder.vhd".
WARNING:HDLParsers:3607 - Unit work/clock_divider is now defined in a different file.  It was defined in "/home/hamza/VHDL/arithemic/clock_divider.vhd", and is now defined in "C:/Users/Samir/Desktop/VHDL/arithemic/arithemic/clock_divider.vhd".
WARNING:HDLParsers:3607 - Unit work/clock_divider/Behavioral is now defined in a different file.  It was defined in "/home/hamza/VHDL/arithemic/clock_divider.vhd", and is now defined in "C:/Users/Samir/Desktop/VHDL/arithemic/arithemic/clock_divider.vhd".
WARNING:HDLParsers:3607 - Unit work/control_unit is now defined in a different file.  It was defined in "/home/hamza/VHDL/arithemic/control_unit.vhd", and is now defined in "C:/Users/Samir/Desktop/VHDL/arithemic/arithemic/control_unit.vhd".
WARNING:HDLParsers:3607 - Unit work/control_unit/Behavioral is now defined in a different file.  It was defined in "/home/hamza/VHDL/arithemic/control_unit.vhd", and is now defined in "C:/Users/Samir/Desktop/VHDL/arithemic/arithemic/control_unit.vhd".
WARNING:HDLParsers:3607 - Unit work/reg is now defined in a different file.  It was defined in "/home/hamza/VHDL/arithemic/reg.vhd", and is now defined in "C:/Users/Samir/Desktop/VHDL/arithemic/arithemic/reg.vhd".
WARNING:HDLParsers:3607 - Unit work/reg/Behavioral is now defined in a different file.  It was defined in "/home/hamza/VHDL/arithemic/reg.vhd", and is now defined in "C:/Users/Samir/Desktop/VHDL/arithemic/arithemic/reg.vhd".
WARNING:HDLParsers:3607 - Unit work/shl is now defined in a different file.  It was defined in "/home/hamza/VHDL/arithemic/shl.vhd", and is now defined in "C:/Users/Samir/Desktop/VHDL/arithemic/arithemic/shl.vhd".
WARNING:HDLParsers:3607 - Unit work/shl/Behavioral is now defined in a different file.  It was defined in "/home/hamza/VHDL/arithemic/shl.vhd", and is now defined in "C:/Users/Samir/Desktop/VHDL/arithemic/arithemic/shl.vhd".
Compiling vhdl file "C:/Users/Samir/Desktop/VHDL/arithemic/arithemic/clock_divider.vhd" in Library work.
Architecture behavioral of Entity clock_divider is up to date.
Compiling vhdl file "C:/Users/Samir/Desktop/VHDL/arithemic/arithemic/reg.vhd" in Library work.
Architecture behavioral of Entity reg is up to date.
Compiling vhdl file "C:/Users/Samir/Desktop/VHDL/arithemic/arithemic/adder.vhd" in Library work.
Architecture behavioral of Entity adder is up to date.
Compiling vhdl file "C:/Users/Samir/Desktop/VHDL/arithemic/arithemic/shl.vhd" in Library work.
Architecture behavioral of Entity shl is up to date.
Compiling vhdl file "C:/Users/Samir/Desktop/VHDL/arithemic/arithemic/control_unit.vhd" in Library work.
Architecture behavioral of Entity control_unit is up to date.
Compiling vhdl file "C:/Users/Samir/Desktop/VHDL/arithemic/arithemic/arithemtic.vhd" in Library work.
Entity <arithmetic_structure> compiled.
ERROR:HDLParsers:1411 - "C:/Users/Samir/Desktop/VHDL/arithemic/arithemic/arithemtic.vhd" Line 122. Parameter sR0_EN of mode in can not be associated with a formal port of mode out.
ERROR:HDLParsers:1411 - "C:/Users/Samir/Desktop/VHDL/arithemic/arithemic/arithemtic.vhd" Line 123. Parameter sR1_EN of mode in can not be associated with a formal port of mode out.
ERROR:HDLParsers:1411 - "C:/Users/Samir/Desktop/VHDL/arithemic/arithemic/arithemtic.vhd" Line 125. Parameter sSHL_EN of mode in can not be associated with a formal port of mode out.
ERROR:HDLParsers:1411 - "C:/Users/Samir/Desktop/VHDL/arithemic/arithemic/arithemtic.vhd" Line 126. Parameter sCMP_EN of mode in can not be associated with a formal port of mode out.
--> 

Total memory usage is 4496412 kilobytes

Number of errors   :    4 (   0 filtered)
Number of warnings :   12 (   0 filtered)
Number of infos    :    0 (   0 filtered)

