Release 14.7 - xst P.20131013 (nt64)
Copyright (c) 1995-2013 Xilinx, Inc.  All rights reserved.
--> Parameter TMPDIR set to xst/projnav.tmp


Total REAL time to Xst completion: 1.00 secs
Total CPU time to Xst completion: 0.18 secs
 
--> Parameter xsthdpdir set to xst


Total REAL time to Xst completion: 1.00 secs
Total CPU time to Xst completion: 0.18 secs
 
--> Reading design: ArithStruct.prj

TABLE OF CONTENTS
  1) Synthesis Options Summary
  2) HDL Compilation
  3) Design Hierarchy Analysis
  4) HDL Analysis
  5) HDL Synthesis
     5.1) HDL Synthesis Report
  6) Advanced HDL Synthesis
     6.1) Advanced HDL Synthesis Report
  7) Low Level Synthesis
  8) Partition Report
  9) Final Report
	9.1) Device utilization summary
	9.2) Partition Resource Summary
	9.3) TIMING REPORT


=========================================================================
*                      Synthesis Options Summary                        *
=========================================================================
---- Source Parameters
Input File Name                    : "ArithStruct.prj"
Input Format                       : mixed
Ignore Synthesis Constraint File   : NO

---- Target Parameters
Output File Name                   : "ArithStruct"
Output Format                      : NGC
Target Device                      : xc3s1500-4-fg676

---- Source Options
Top Module Name                    : ArithStruct
Automatic FSM Extraction           : YES
FSM Encoding Algorithm             : Auto
Safe Implementation                : No
FSM Style                          : LUT
RAM Extraction                     : Yes
RAM Style                          : Auto
ROM Extraction                     : Yes
Mux Style                          : Auto
Decoder Extraction                 : YES
Priority Encoder Extraction        : Yes
Shift Register Extraction          : YES
Logical Shifter Extraction         : YES
XOR Collapsing                     : YES
ROM Style                          : Auto
Mux Extraction                     : Yes
Resource Sharing                   : YES
Asynchronous To Synchronous        : NO
Multiplier Style                   : Auto
Automatic Register Balancing       : No

---- Target Options
Add IO Buffers                     : YES
Global Maximum Fanout              : 100000
Add Generic Clock Buffer(BUFG)     : 8
Register Duplication               : YES
Slice Packing                      : YES
Optimize Instantiated Primitives   : NO
Use Clock Enable                   : Yes
Use Synchronous Set                : Yes
Use Synchronous Reset              : Yes
Pack IO Registers into IOBs        : Auto
Equivalent register Removal        : YES

---- General Options
Optimization Goal                  : Speed
Optimization Effort                : 1
Keep Hierarchy                     : No
Netlist Hierarchy                  : As_Optimized
RTL Output                         : Yes
Global Optimization                : AllClockNets
Read Cores                         : YES
Write Timing Constraints           : NO
Cross Clock Analysis               : NO
Hierarchy Separator                : /
Bus Delimiter                      : <>
Case Specifier                     : Maintain
Slice Utilization Ratio            : 100
BRAM Utilization Ratio             : 100
Verilog 2001                       : YES
Auto BRAM Packing                  : NO
Slice Utilization Ratio Delta      : 5

=========================================================================


=========================================================================
*                          HDL Compilation                              *
=========================================================================
Compiling vhdl file "C:/Users/Samir/Desktop/VHDL/Sesta lab vezba/Arit3/AritStruct/clk_divider.vhd" in Library work.
Architecture behavioral of Entity clock_divider is up to date.
Compiling vhdl file "C:/Users/Samir/Desktop/VHDL/Sesta lab vezba/Arit3/AritStruct/Reg.vhd" in Library work.
Architecture behavioral of Entity reg is up to date.
Compiling vhdl file "C:/Users/Samir/Desktop/VHDL/Sesta lab vezba/Arit3/AritStruct/TwoBitAdder.vhd" in Library work.
Entity <twobitadder> compiled.
Entity <twobitadder> (Architecture <behavioral>) compiled.
Compiling vhdl file "C:/Users/Samir/Desktop/VHDL/Sesta lab vezba/Arit3/AritStruct/shl.vhd" in Library work.
Architecture behavioral of Entity leftshifter2bit is up to date.
Compiling vhdl file "C:/Users/Samir/Desktop/VHDL/Sesta lab vezba/Arit3/AritStruct/cmp.vhd" in Library work.
Architecture behavioral of Entity comparator2bit is up to date.
Compiling vhdl file "C:/Users/Samir/Desktop/VHDL/Sesta lab vezba/Arit3/AritStruct/ArithStruct.vhd" in Library work.
Architecture behavioral of Entity arithstruct is up to date.

=========================================================================
*                     Design Hierarchy Analysis                         *
=========================================================================
Analyzing hierarchy for entity <ArithStruct> in library <work> (architecture <behavioral>).

Analyzing hierarchy for entity <clock_divider> in library <work> (architecture <behavioral>).

Analyzing hierarchy for entity <Reg> in library <work> (architecture <behavioral>).

Analyzing hierarchy for entity <TwoBitAdder> in library <work> (architecture <behavioral>).

Analyzing hierarchy for entity <LeftShifter2bit> in library <work> (architecture <behavioral>).

Analyzing hierarchy for entity <Comparator2bit> in library <work> (architecture <behavioral>).


=========================================================================
*                            HDL Analysis                               *
=========================================================================
Analyzing Entity <ArithStruct> in library <work> (Architecture <behavioral>).
WARNING:Xst:753 - "C:/Users/Samir/Desktop/VHDL/Sesta lab vezba/Arit3/AritStruct/ArithStruct.vhd" line 92: Unconnected output port 'Carry' of component 'TwoBitAdder'.
Entity <ArithStruct> analyzed. Unit <ArithStruct> generated.

Analyzing Entity <clock_divider> in library <work> (Architecture <behavioral>).
Entity <clock_divider> analyzed. Unit <clock_divider> generated.

Analyzing Entity <Reg> in library <work> (Architecture <behavioral>).
Entity <Reg> analyzed. Unit <Reg> generated.

Analyzing Entity <TwoBitAdder> in library <work> (Architecture <behavioral>).
Entity <TwoBitAdder> analyzed. Unit <TwoBitAdder> generated.

Analyzing Entity <LeftShifter2bit> in library <work> (Architecture <behavioral>).
Entity <LeftShifter2bit> analyzed. Unit <LeftShifter2bit> generated.

Analyzing Entity <Comparator2bit> in library <work> (Architecture <behavioral>).
Entity <Comparator2bit> analyzed. Unit <Comparator2bit> generated.


=========================================================================
*                           HDL Synthesis                               *
=========================================================================

Performing bidirectional port resolution...

Synthesizing Unit <clock_divider>.
    Related source file is "C:/Users/Samir/Desktop/VHDL/Sesta lab vezba/Arit3/AritStruct/clk_divider.vhd".
    Found 32-bit up counter for signal <counter>.
    Found 1-bit register for signal <slow_clk>.
    Summary:
	inferred   1 Counter(s).
	inferred   1 D-type flip-flop(s).
Unit <clock_divider> synthesized.


Synthesizing Unit <Reg>.
    Related source file is "C:/Users/Samir/Desktop/VHDL/Sesta lab vezba/Arit3/AritStruct/Reg.vhd".
    Found 3-bit register for signal <o>.
    Summary:
	inferred   3 D-type flip-flop(s).
Unit <Reg> synthesized.


Synthesizing Unit <TwoBitAdder>.
    Related source file is "C:/Users/Samir/Desktop/VHDL/Sesta lab vezba/Arit3/AritStruct/TwoBitAdder.vhd".
    Found 4-bit adder for signal <TempSum$add0000> created at line 20.
    Summary:
	inferred   1 Adder/Subtractor(s).
Unit <TwoBitAdder> synthesized.


Synthesizing Unit <LeftShifter2bit>.
    Related source file is "C:/Users/Samir/Desktop/VHDL/Sesta lab vezba/Arit3/AritStruct/shl.vhd".
Unit <LeftShifter2bit> synthesized.


Synthesizing Unit <Comparator2bit>.
    Related source file is "C:/Users/Samir/Desktop/VHDL/Sesta lab vezba/Arit3/AritStruct/cmp.vhd".
    Found 3-bit comparator greater for signal <A_greater_B$cmp_gt0000> created at line 41.
    Found 3-bit comparator equal for signal <A_less_B$cmp_eq0000> created at line 42.
    Summary:
	inferred   2 Comparator(s).
Unit <Comparator2bit> synthesized.


Synthesizing Unit <ArithStruct>.
    Related source file is "C:/Users/Samir/Desktop/VHDL/Sesta lab vezba/Arit3/AritStruct/ArithStruct.vhd".
WARNING:Xst:647 - Input <inAdderOp> is never used. This port will be preserved and left unconnected if it belongs to a top-level block or it belongs to a sub-block and the hierarchy of this sub-block is preserved.
WARNING:Xst:653 - Signal <cmpIn> is used but never assigned. This sourceless signal will be automatically connected to value 100.
Unit <ArithStruct> synthesized.


=========================================================================
HDL Synthesis Report

Macro Statistics
# Adders/Subtractors                                   : 1
 4-bit adder                                           : 1
# Counters                                             : 1
 32-bit up counter                                     : 1
# Registers                                            : 3
 1-bit register                                        : 1
 3-bit register                                        : 2
# Comparators                                          : 2
 3-bit comparator equal                                : 1
 3-bit comparator greater                              : 1

=========================================================================

=========================================================================
*                       Advanced HDL Synthesis                          *
=========================================================================


=========================================================================
Advanced HDL Synthesis Report

Macro Statistics
# Adders/Subtractors                                   : 1
 4-bit adder                                           : 1
# Counters                                             : 1
 32-bit up counter                                     : 1
# Registers                                            : 7
 Flip-Flops                                            : 7
# Comparators                                          : 2
 3-bit comparator equal                                : 1
 3-bit comparator greater                              : 1

=========================================================================

=========================================================================
*                         Low Level Synthesis                           *
=========================================================================

Optimizing unit <ArithStruct> ...

Mapping all equations...
Building and optimizing final netlist ...
Found area constraint ratio of 100 (+ 5) on block ArithStruct, actual ratio is 0.

Final Macro Processing ...

=========================================================================
Final Register Report

Macro Statistics
# Registers                                            : 39
 Flip-Flops                                            : 39

=========================================================================

=========================================================================
*                           Partition Report                            *
=========================================================================

Partition Implementation Status
-------------------------------

  No Partitions were found in this design.

-------------------------------

=========================================================================
*                            Final Report                               *
=========================================================================
Final Results
RTL Top Level Output File Name     : ArithStruct.ngr
Top Level Output File Name         : ArithStruct
Output Format                      : NGC
Optimization Goal                  : Speed
Keep Hierarchy                     : No

Design Statistics
# IOs                              : 14

Cell Usage :
# BELS                             : 123
#      GND                         : 1
#      INV                         : 2
#      LUT1                        : 31
#      LUT2                        : 1
#      LUT4                        : 15
#      MUXCY                       : 39
#      MUXF5                       : 1
#      VCC                         : 1
#      XORCY                       : 32
# FlipFlops/Latches                : 39
#      FD                          : 6
#      FDE                         : 1
#      FDR                         : 32
# Clock Buffers                    : 1
#      BUFGP                       : 1
# IO Buffers                       : 10
#      IBUF                        : 7
#      OBUF                        : 3
=========================================================================

Device utilization summary:
---------------------------

Selected Device : 3s1500fg676-4 

 Number of Slices:                       27  out of  13312     0%  
 Number of Slice Flip Flops:             33  out of  26624     0%  
 Number of 4 input LUTs:                 49  out of  26624     0%  
 Number of IOs:                          14
 Number of bonded IOBs:                  11  out of    487     2%  
    IOB Flip Flops:                       6
 Number of GCLKs:                         1  out of      8    12%  

---------------------------
Partition Resource Summary:
---------------------------

  No Partitions were found in this design.

---------------------------


=========================================================================
TIMING REPORT

NOTE: THESE TIMING NUMBERS ARE ONLY A SYNTHESIS ESTIMATE.
      FOR ACCURATE TIMING INFORMATION PLEASE REFER TO THE TRACE REPORT
      GENERATED AFTER PLACE-and-ROUTE.

Clock Information:
------------------
-----------------------------------+------------------------+-------+
Clock Signal                       | Clock buffer(FF name)  | Load  |
-----------------------------------+------------------------+-------+
CLK                                | BUFGP                  | 33    |
clk_divider/slow_clk               | NONE(reg2/o_2)         | 6     |
-----------------------------------+------------------------+-------+
INFO:Xst:2169 - HDL ADVISOR - Some clock signals were not automatically buffered by XST with BUFG/BUFR resources. Please use the buffer_type constraint in order to insert these buffers to the clock signals to help prevent skew problems.

Asynchronous Control Signals Information:
----------------------------------------
No asynchronous control signals found in this design

Timing Summary:
---------------
Speed Grade: -4

   Minimum period: 6.537ns (Maximum Frequency: 152.979MHz)
   Minimum input arrival time before clock: 1.825ns
   Maximum output required time after clock: 12.555ns
   Maximum combinational path delay: 10.696ns

Timing Detail:
--------------
All values displayed in nanoseconds (ns)

=========================================================================
Timing constraint: Default period analysis for Clock 'CLK'
  Clock period: 6.537ns (frequency: 152.979MHz)
  Total number of paths / destination ports: 1585 / 66
-------------------------------------------------------------------------
Delay:               6.537ns (Levels of Logic = 9)
  Source:            clk_divider/counter_8 (FF)
  Destination:       clk_divider/counter_0 (FF)
  Source Clock:      CLK rising
  Destination Clock: CLK rising

  Data Path: clk_divider/counter_8 to clk_divider/counter_0
                                Gate     Net
    Cell:in->out      fanout   Delay   Delay  Logical Name (Net Name)
    ----------------------------------------  ------------
     FDR:C->Q              2   0.720   1.216  clk_divider/counter_8 (clk_divider/counter_8)
     LUT4:I0->O            1   0.551   0.000  clk_divider/slow_clk_cmp_eq0000_wg_lut<0> (clk_divider/slow_clk_cmp_eq0000_wg_lut<0>)
     MUXCY:S->O            1   0.500   0.000  clk_divider/slow_clk_cmp_eq0000_wg_cy<0> (clk_divider/slow_clk_cmp_eq0000_wg_cy<0>)
     MUXCY:CI->O           1   0.064   0.000  clk_divider/slow_clk_cmp_eq0000_wg_cy<1> (clk_divider/slow_clk_cmp_eq0000_wg_cy<1>)
     MUXCY:CI->O           1   0.064   0.000  clk_divider/slow_clk_cmp_eq0000_wg_cy<2> (clk_divider/slow_clk_cmp_eq0000_wg_cy<2>)
     MUXCY:CI->O           1   0.064   0.000  clk_divider/slow_clk_cmp_eq0000_wg_cy<3> (clk_divider/slow_clk_cmp_eq0000_wg_cy<3>)
     MUXCY:CI->O           1   0.064   0.000  clk_divider/slow_clk_cmp_eq0000_wg_cy<4> (clk_divider/slow_clk_cmp_eq0000_wg_cy<4>)
     MUXCY:CI->O           1   0.064   0.000  clk_divider/slow_clk_cmp_eq0000_wg_cy<5> (clk_divider/slow_clk_cmp_eq0000_wg_cy<5>)
     MUXCY:CI->O           1   0.064   0.000  clk_divider/slow_clk_cmp_eq0000_wg_cy<6> (clk_divider/slow_clk_cmp_eq0000_wg_cy<6>)
     MUXCY:CI->O          33   0.281   1.859  clk_divider/slow_clk_cmp_eq0000_wg_cy<7> (clk_divider/slow_clk_cmp_eq0000)
     FDR:R                     1.026          clk_divider/counter_0
    ----------------------------------------
    Total                      6.537ns (3.462ns logic, 3.075ns route)
                                       (53.0% logic, 47.0% route)

=========================================================================
Timing constraint: Default OFFSET IN BEFORE for Clock 'clk_divider/slow_clk'
  Total number of paths / destination ports: 6 / 6
-------------------------------------------------------------------------
Offset:              1.825ns (Levels of Logic = 1)
  Source:            inR2<2> (PAD)
  Destination:       reg2/o_2 (FF)
  Destination Clock: clk_divider/slow_clk rising

  Data Path: inR2<2> to reg2/o_2
                                Gate     Net
    Cell:in->out      fanout   Delay   Delay  Logical Name (Net Name)
    ----------------------------------------  ------------
     IBUF:I->O             1   0.821   0.801  inR2_2_IBUF (inR2_2_IBUF)
     FD:D                      0.203          reg2/o_2
    ----------------------------------------
    Total                      1.825ns (1.024ns logic, 0.801ns route)
                                       (56.1% logic, 43.9% route)

=========================================================================
Timing constraint: Default OFFSET OUT AFTER for Clock 'clk_divider/slow_clk'
  Total number of paths / destination ports: 54 / 3
-------------------------------------------------------------------------
Offset:              12.555ns (Levels of Logic = 5)
  Source:            reg1/o_2 (FF)
  Destination:       RESULT<2> (PAD)
  Source Clock:      clk_divider/slow_clk rising

  Data Path: reg1/o_2 to RESULT<2>
                                Gate     Net
    Cell:in->out      fanout   Delay   Delay  Logical Name (Net Name)
    ----------------------------------------  ------------
     FD:C->Q               2   0.720   1.216  reg1/o_2 (reg1/o_2)
     LUT4:I0->O            1   0.551   0.000  SHL1/Y_2_mux0000_SW01 (SHL1/Y_2_mux0000_SW0)
     MUXF5:I1->O           2   0.360   0.945  SHL1/Y_2_mux0000_SW0_f5 (N2)
     LUT4:I2->O            2   0.551   1.216  SHL1/Y_2_mux0000 (shlOut<2>)
     LUT4:I0->O            1   0.551   0.801  RESULT<2>1 (RESULT_2_OBUF)
     OBUF:I->O                 5.644          RESULT_2_OBUF (RESULT<2>)
    ----------------------------------------
    Total                     12.555ns (8.377ns logic, 4.178ns route)
                                       (66.7% logic, 33.3% route)

=========================================================================
Timing constraint: Default path analysis
  Total number of paths / destination ports: 5 / 3
-------------------------------------------------------------------------
Delay:               10.696ns (Levels of Logic = 4)
  Source:            SHL_EN (PAD)
  Destination:       RESULT<2> (PAD)

  Data Path: SHL_EN to RESULT<2>
                                Gate     Net
    Cell:in->out      fanout   Delay   Delay  Logical Name (Net Name)
    ----------------------------------------  ------------
     IBUF:I->O             4   0.821   1.112  SHL_EN_IBUF (SHL_EN_IBUF)
     LUT4:I1->O            2   0.551   1.216  SHL1/Y_2_mux0000 (shlOut<2>)
     LUT4:I0->O            1   0.551   0.801  RESULT<2>1 (RESULT_2_OBUF)
     OBUF:I->O                 5.644          RESULT_2_OBUF (RESULT<2>)
    ----------------------------------------
    Total                     10.696ns (7.567ns logic, 3.129ns route)
                                       (70.7% logic, 29.3% route)

=========================================================================


Total REAL time to Xst completion: 7.00 secs
Total CPU time to Xst completion: 7.06 secs
 
--> 

Total memory usage is 4515024 kilobytes

Number of errors   :    0 (   0 filtered)
Number of warnings :    3 (   0 filtered)
Number of infos    :    1 (   0 filtered)

