Command line:
   tb_isim_beh.exe
     -simmode  gui
     -simrunnum  0
     -socket  50530

Thu May 16 10:35:31 2024


 Elaboration Time: 0.03125 sec

 Current Memory Usage: 5151.12 Meg

 Total Signals          : 13
 Total Nets             : 7
 Total Signal Drivers   : 6
 Total Blocks           : 3
 Total Primitive Blocks : 2
 Total Processes        : 5
 Total Traceable Variables  : 9
 Total Scalar Nets and Variables : 368
Total Line Count : 25

 Total Simulation Time: 0.046875 sec

 Current Memory Usage: 5465.69 Meg

Thu May 16 10:36:29 2024

